[16dic2024 01:39:37.382] [main/INFO] [cpw.mods.modlauncher.Launcher/MODLAUNCHER]: ModLauncher running: args [--launchTarget, forgedatauserdev, --assetIndex, 5, --assetsDir, C:\Users\Usuario\.gradle\caches\forge_gradle\assets, --gameDir, ., --fml.forgeVersion, 47.3.0, --fml.mcVersion, 1.20.1, --fml.forgeGroup, net.minecraftforge, --fml.mcpVersion, 20230612.114412, --mod, refm, --all, --output, C:\Users\Usuario\Documents\Blender\minecra\forge-1.20.1-RapierMod\src\generated\resources, --existing, C:\Users\Usuario\Documents\Blender\minecra\forge-1.20.1-RapierMod\src\main\resources]
[16dic2024 01:39:37.388] [main/INFO] [cpw.mods.modlauncher.Launcher/MODLAUNCHER]: ModLauncher 10.0.9+10.0.9+main.dcd20f30 starting: java version 17.0.11 by Eclipse Adoptium; OS Windows 10 arch amd64 version 10.0
[16dic2024 01:39:37.475] [main/INFO] [net.minecraftforge.fml.loading.ImmediateWindowHandler/]: ImmediateWindowProvider not loading because launch target is forgedatauserdev
[16dic2024 01:39:37.516] [main/INFO] [mixin/]: SpongePowered MIXIN Subsystem Version=0.8.5 Source=union:/C:/Users/Usuario/.gradle/caches/modules-2/files-2.1/org.spongepowered/mixin/0.8.5/9d1c0c3a304ae6697ecd477218fa61b850bf57fc/mixin-0.8.5.jar%23128!/ Service=ModLauncher Env=CLIENT
[16dic2024 01:39:37.758] [main/WARN] [net.minecraftforge.fml.loading.moddiscovery.ModFileParser/LOADING]: Mod file C:\Users\Usuario\.gradle\caches\modules-2\files-2.1\net.minecraftforge\javafmllanguage\1.20.1-47.3.0\d7ebc62120f202109e300e084ca1a31a7b946a62\javafmllanguage-1.20.1-47.3.0.jar is missing mods.toml file
[16dic2024 01:39:37.760] [main/WARN] [net.minecraftforge.fml.loading.moddiscovery.ModFileParser/LOADING]: Mod file C:\Users\Usuario\.gradle\caches\modules-2\files-2.1\net.minecraftforge\lowcodelanguage\1.20.1-47.3.0\1bf3e845ea0ce750096da8c71c8364b188ab74d4\lowcodelanguage-1.20.1-47.3.0.jar is missing mods.toml file
[16dic2024 01:39:37.763] [main/WARN] [net.minecraftforge.fml.loading.moddiscovery.ModFileParser/LOADING]: Mod file C:\Users\Usuario\.gradle\caches\modules-2\files-2.1\net.minecraftforge\mclanguage\1.20.1-47.3.0\6093682e943ddccbabf70539319d7f2fe64db2e7\mclanguage-1.20.1-47.3.0.jar is missing mods.toml file
[16dic2024 01:39:37.766] [main/WARN] [net.minecraftforge.fml.loading.moddiscovery.ModFileParser/LOADING]: Mod file C:\Users\Usuario\.gradle\caches\modules-2\files-2.1\net.minecraftforge\fmlcore\1.20.1-47.3.0\3b6be96aba3e323f3c918e8ef6a96312d82d76ad\fmlcore-1.20.1-47.3.0.jar is missing mods.toml file
[16dic2024 01:39:37.839] [main/INFO] [net.minecraftforge.fml.loading.moddiscovery.JarInJarDependencyLocator/]: No dependencies to load found. Skipping!
[16dic2024 01:39:39.000] [main/INFO] [mixin/]: Compatibility level set to JAVA_17
[16dic2024 01:39:39.001] [main/INFO] [cpw.mods.modlauncher.LaunchServiceHandler/MODLAUNCHER]: Launching target 'forgedatauserdev' with arguments [--gameDir, ., --assetsDir, C:\Users\Usuario\.gradle\caches\forge_gradle\assets, --assetIndex, 5, --mod, refm, --all, --output, C:\Users\Usuario\Documents\Blender\minecra\forge-1.20.1-RapierMod\src\generated\resources, --existing, C:\Users\Usuario\Documents\Blender\minecra\forge-1.20.1-RapierMod\src\main\resources]
[16dic2024 01:39:39.348] [main/INFO] [mixin/]: Remapping refMap mixins.epicfight.refmap.json using C:\Users\Usuario\Documents\Blender\minecra\forge-1.20.1-RapierMod\build/createSrgToMcp/output.srg
[16dic2024 01:39:39.555] [main/WARN] [mixin/]: Error loading class: net/irisshaders/iris/pipeline/programs/ExtendedShader (java.lang.ClassNotFoundException: net.irisshaders.iris.pipeline.programs.ExtendedShader)
[16dic2024 01:39:39.555] [main/WARN] [mixin/]: @Mixin target net.irisshaders.iris.pipeline.programs.ExtendedShader was not found mixins.epicfight.json:IrisMixinExtendedShader
[16dic2024 01:39:39.557] [main/WARN] [mixin/]: Error loading class: net/irisshaders/iris/pipeline/PipelineManager (java.lang.ClassNotFoundException: net.irisshaders.iris.pipeline.PipelineManager)
[16dic2024 01:39:39.557] [main/WARN] [mixin/]: @Mixin target net.irisshaders.iris.pipeline.PipelineManager was not found mixins.epicfight.json:IrisMixinPipelineManager
[16dic2024 01:39:39.559] [main/WARN] [mixin/]: Error loading class: dev/tr7zw/skinlayers/SkinUtil (java.lang.ClassNotFoundException: dev.tr7zw.skinlayers.SkinUtil)
[16dic2024 01:39:39.559] [main/WARN] [mixin/]: @Mixin target dev.tr7zw.skinlayers.SkinUtil was not found mixins.epicfight.json:SkinLayer3DMixinSkinUtil
[16dic2024 01:39:39.561] [main/WARN] [mixin/]: Error loading class: dev/tr7zw/skinlayers/versionless/render/CustomModelPart (java.lang.ClassNotFoundException: dev.tr7zw.skinlayers.versionless.render.CustomModelPart)
[16dic2024 01:39:39.561] [main/WARN] [mixin/]: @Mixin target dev.tr7zw.skinlayers.versionless.render.CustomModelPart was not found mixins.epicfight.json:SkinLayer3DMixinCustomModelPart
[16dic2024 01:39:39.563] [main/WARN] [mixin/]: Error loading class: dev/tr7zw/skinlayers/versionless/render/CustomizableCube (java.lang.ClassNotFoundException: dev.tr7zw.skinlayers.versionless.render.CustomizableCube)
[16dic2024 01:39:39.563] [main/WARN] [mixin/]: @Mixin target dev.tr7zw.skinlayers.versionless.render.CustomizableCube was not found mixins.epicfight.json:SkinLayer3DMixinCustomizableCubeWrapper$SkinLayer3DMixinCustomModelCube
[16dic2024 01:39:39.565] [main/WARN] [mixin/]: Error loading class: de/teamlapen/vampirism/client/renderer/entity/layers/VampirePlayerHeadLayer (java.lang.ClassNotFoundException: de.teamlapen.vampirism.client.renderer.entity.layers.VampirePlayerHeadLayer)
[16dic2024 01:39:39.565] [main/WARN] [mixin/]: @Mixin target de.teamlapen.vampirism.client.renderer.entity.layers.VampirePlayerHeadLayer was not found mixins.epicfight.json:VampirismMixinVampirePlayerHeadLayer
[16dic2024 01:39:39.567] [main/WARN] [mixin/]: Error loading class: de/teamlapen/werewolves/client/render/layer/HumanWerewolfLayer (java.lang.ClassNotFoundException: de.teamlapen.werewolves.client.render.layer.HumanWerewolfLayer)
[16dic2024 01:39:39.567] [main/WARN] [mixin/]: @Mixin target de.teamlapen.werewolves.client.render.layer.HumanWerewolfLayer was not found mixins.epicfight.json:WerewolvesMixinHumanWerewolfLayer
[16dic2024 01:39:39.849] [main/INFO] [net.minecraftforge.data.loading.DatagenModLoader/]: Initializing Data Gatherer for mods [refm]
[16dic2024 01:39:41.563] [main/WARN] [mixin/]: @Final field nextHeadUpdate:[I in mixins.epicfight.json:MixinWitherBoss should be final
[16dic2024 01:39:41.564] [main/WARN] [mixin/]: @Final field idleHeadUpdates:[I in mixins.epicfight.json:MixinWitherBoss should be final
